{"ts": "2026-06-23T07:30:45.720245+00:00", "tag": "gateway.start", "pid": 826286, "python": "3.11.15", "platform": "linux", "replace": false, "argv": ["/home/khuchinque/.hermes/hermes-agent/venv/bin/hermes", "gateway", "run"], "stdin_is_tty": false, "absorb_windows_console_controls": false}
{"ts": "2026-06-23T07:30:50.018021+00:00", "tag": "asyncio.run.returned", "pid": 826286, "python": "3.11.15", "platform": "linux", "success": false}
{"ts": "2026-06-23T07:30:50.018132+00:00", "tag": "gateway.exit_nonzero", "pid": 826286, "python": "3.11.15", "platform": "linux"}
{"ts": "2026-06-23T07:30:50.018971+00:00", "tag": "atexit.hook", "pid": 826286, "python": "3.11.15", "platform": "linux", "sys_exc": "(None, None, None)"}
{"ts": "2026-06-23T07:30:54.215806+00:00", "tag": "gateway.start", "pid": 826340, "python": "3.11.15", "platform": "linux", "replace": false, "argv": ["/home/khuchinque/.hermes/hermes-agent/venv/bin/hermes", "gateway", "run"], "stdin_is_tty": false, "absorb_windows_console_controls": false}
{"ts": "2026-06-23T07:30:58.396905+00:00", "tag": "asyncio.run.returned", "pid": 826340, "python": "3.11.15", "platform": "linux", "success": false}
{"ts": "2026-06-23T07:30:58.397015+00:00", "tag": "gateway.exit_nonzero", "pid": 826340, "python": "3.11.15", "platform": "linux"}
{"ts": "2026-06-23T07:30:58.398325+00:00", "tag": "atexit.hook", "pid": 826340, "python": "3.11.15", "platform": "linux", "sys_exc": "(None, None, None)"}
{"ts": "2026-06-23T07:31:02.694146+00:00", "tag": "gateway.start", "pid": 826378, "python": "3.11.15", "platform": "linux", "replace": false, "argv": ["/home/khuchinque/.hermes/hermes-agent/venv/bin/hermes", "gateway", "run"], "stdin_is_tty": false, "absorb_windows_console_controls": false}
{"ts": "2026-06-23T07:31:07.084375+00:00", "tag": "asyncio.run.returned", "pid": 826378, "python": "3.11.15", "platform": "linux", "success": false}
{"ts": "2026-06-23T07:31:07.084488+00:00", "tag": "gateway.exit_nonzero", "pid": 826378, "python": "3.11.15", "platform": "linux"}
{"ts": "2026-06-23T07:31:07.085494+00:00", "tag": "atexit.hook", "pid": 826378, "python": "3.11.15", "platform": "linux", "sys_exc": "(None, None, None)"}
{"ts": "2026-06-23T07:31:11.454643+00:00", "tag": "gateway.start", "pid": 826413, "python": "3.11.15", "platform": "linux", "replace": false, "argv": ["/home/khuchinque/.hermes/hermes-agent/venv/bin/hermes", "gateway", "run"], "stdin_is_tty": false, "absorb_windows_console_controls": false}
{"ts": "2026-06-23T07:35:24.399843+00:00", "tag": "gateway.start", "pid": 827097, "python": "3.11.15", "platform": "linux", "replace": false, "argv": ["/home/khuchinque/.hermes/hermes-agent/hermes_cli/main.py", "gateway", "run"], "stdin_is_tty": false, "absorb_windows_console_controls": false}
{"ts": "2026-06-23T08:30:45.526115+00:00", "tag": "asyncio.run.returned", "pid": 827097, "python": "3.11.15", "platform": "linux", "success": false}
{"ts": "2026-06-23T08:30:45.526408+00:00", "tag": "gateway.exit_nonzero", "pid": 827097, "python": "3.11.15", "platform": "linux"}
{"ts": "2026-06-23T08:30:49.953970+00:00", "tag": "atexit.hook", "pid": 827097, "python": "3.11.15", "platform": "linux", "sys_exc": "(None, None, None)"}
{"ts": "2026-06-23T08:30:53.325367+00:00", "tag": "gateway.start", "pid": 830985, "python": "3.11.15", "platform": "linux", "replace": false, "argv": ["/home/khuchinque/.hermes/hermes-agent/hermes_cli/main.py", "gateway", "run"], "stdin_is_tty": false, "absorb_windows_console_controls": false}
{"ts": "2026-06-23T08:38:59.019285+00:00", "tag": "asyncio.run.returned", "pid": 830985, "python": "3.11.15", "platform": "linux", "success": false}
{"ts": "2026-06-23T08:38:59.019384+00:00", "tag": "gateway.exit_nonzero", "pid": 830985, "python": "3.11.15", "platform": "linux"}
{"ts": "2026-06-23T08:38:59.020335+00:00", "tag": "atexit.hook", "pid": 830985, "python": "3.11.15", "platform": "linux", "sys_exc": "(None, None, None)"}
{"ts": "2026-06-23T08:39:00.135317+00:00", "tag": "gateway.start", "pid": 831348, "python": "3.11.15", "platform": "linux", "replace": false, "argv": ["/home/khuchinque/.hermes/hermes-agent/hermes_cli/main.py", "gateway", "run"], "stdin_is_tty": false, "absorb_windows_console_controls": false}
{"ts": "2026-06-23T08:56:12.735247+00:00", "tag": "asyncio.run.returned", "pid": 831348, "python": "3.11.15", "platform": "linux", "success": false}
{"ts": "2026-06-23T08:56:12.735337+00:00", "tag": "gateway.exit_nonzero", "pid": 831348, "python": "3.11.15", "platform": "linux"}
{"ts": "2026-06-23T08:56:29.733546+00:00", "tag": "atexit.hook", "pid": 831348, "python": "3.11.15", "platform": "linux", "sys_exc": "(None, None, None)"}
{"ts": "2026-06-23T08:56:30.983569+00:00", "tag": "gateway.start", "pid": 832509, "python": "3.11.15", "platform": "linux", "replace": false, "argv": ["/home/khuchinque/.hermes/hermes-agent/hermes_cli/main.py", "gateway", "run"], "stdin_is_tty": false, "absorb_windows_console_controls": false}
{"ts": "2026-06-23T10:06:02.035818+00:00", "tag": "asyncio.run.returned", "pid": 832509, "python": "3.11.15", "platform": "linux", "success": false}
{"ts": "2026-06-23T10:06:02.035932+00:00", "tag": "gateway.exit_nonzero", "pid": 832509, "python": "3.11.15", "platform": "linux"}
{"ts": "2026-06-23T10:06:02.037126+00:00", "tag": "atexit.hook", "pid": 832509, "python": "3.11.15", "platform": "linux", "sys_exc": "(None, None, None)"}
{"ts": "2026-06-23T10:06:08.399066+00:00", "tag": "gateway.start", "pid": 839984, "python": "3.11.15", "platform": "linux", "replace": false, "argv": ["/home/khuchinque/.hermes/hermes-agent/hermes_cli/main.py", "gateway", "run"], "stdin_is_tty": false, "absorb_windows_console_controls": false}
{"ts": "2026-06-23T10:06:23.774329+00:00", "tag": "asyncio.run.returned", "pid": 839984, "python": "3.11.15", "platform": "linux", "success": false}
{"ts": "2026-06-23T10:06:23.774426+00:00", "tag": "gateway.exit_nonzero", "pid": 839984, "python": "3.11.15", "platform": "linux"}
{"ts": "2026-06-23T10:06:23.775489+00:00", "tag": "atexit.hook", "pid": 839984, "python": "3.11.15", "platform": "linux", "sys_exc": "(None, None, None)"}
{"ts": "2026-06-27T14:51:13.097103+00:00", "tag": "gateway.start", "pid": 151190, "python": "3.11.15", "platform": "linux", "replace": false, "argv": ["/home/khuchinque/.hermes/hermes-agent/hermes_cli/main.py", "gateway", "run"], "stdin_is_tty": false, "absorb_windows_console_controls": false}
{"ts": "2026-06-27T14:55:50.074501+00:00", "tag": "asyncio.run.returned", "pid": 151190, "python": "3.11.15", "platform": "linux", "success": false}
{"ts": "2026-06-27T14:55:50.074618+00:00", "tag": "gateway.exit_nonzero", "pid": 151190, "python": "3.11.15", "platform": "linux"}
{"ts": "2026-06-27T14:55:50.075714+00:00", "tag": "atexit.hook", "pid": 151190, "python": "3.11.15", "platform": "linux", "sys_exc": "(None, None, None)"}
{"ts": "2026-06-27T14:55:52.380700+00:00", "tag": "gateway.start", "pid": 152251, "python": "3.11.15", "platform": "linux", "replace": false, "argv": ["/home/khuchinque/.hermes/hermes-agent/hermes_cli/main.py", "gateway", "run"], "stdin_is_tty": false, "absorb_windows_console_controls": false}
{"ts": "2026-06-27T15:17:30.695073+00:00", "tag": "asyncio.run.returned", "pid": 152251, "python": "3.11.15", "platform": "linux", "success": false}
{"ts": "2026-06-27T15:17:30.695199+00:00", "tag": "gateway.exit_nonzero", "pid": 152251, "python": "3.11.15", "platform": "linux"}
{"ts": "2026-06-27T15:17:30.696314+00:00", "tag": "atexit.hook", "pid": 152251, "python": "3.11.15", "platform": "linux", "sys_exc": "(None, None, None)"}
{"ts": "2026-06-27T15:17:33.055350+00:00", "tag": "gateway.start", "pid": 156891, "python": "3.11.15", "platform": "linux", "replace": false, "argv": ["/home/khuchinque/.hermes/hermes-agent/hermes_cli/main.py", "gateway", "run"], "stdin_is_tty": false, "absorb_windows_console_controls": false}
{"ts": "2026-06-27T15:56:08.385722+00:00", "tag": "asyncio.run.returned", "pid": 156891, "python": "3.11.15", "platform": "linux", "success": false}
{"ts": "2026-06-27T15:56:08.385852+00:00", "tag": "gateway.exit_nonzero", "pid": 156891, "python": "3.11.15", "platform": "linux"}
{"ts": "2026-06-27T15:56:08.386849+00:00", "tag": "atexit.hook", "pid": 156891, "python": "3.11.15", "platform": "linux", "sys_exc": "(None, None, None)"}
{"ts": "2026-06-27T15:56:10.811990+00:00", "tag": "gateway.start", "pid": 167804, "python": "3.11.15", "platform": "linux", "replace": false, "argv": ["/home/khuchinque/.hermes/hermes-agent/hermes_cli/main.py", "gateway", "run"], "stdin_is_tty": false, "absorb_windows_console_controls": false}
{"ts": "2026-06-27T16:01:44.350868+00:00", "tag": "asyncio.run.returned", "pid": 167804, "python": "3.11.15", "platform": "linux", "success": false}
{"ts": "2026-06-27T16:01:44.350992+00:00", "tag": "gateway.exit_nonzero", "pid": 167804, "python": "3.11.15", "platform": "linux"}
{"ts": "2026-06-27T16:01:44.351828+00:00", "tag": "atexit.hook", "pid": 167804, "python": "3.11.15", "platform": "linux", "sys_exc": "(None, None, None)"}
{"ts": "2026-06-27T16:01:46.650880+00:00", "tag": "gateway.start", "pid": 169693, "python": "3.11.15", "platform": "linux", "replace": false, "argv": ["/home/khuchinque/.hermes/hermes-agent/hermes_cli/main.py", "gateway", "run"], "stdin_is_tty": false, "absorb_windows_console_controls": false}
{"ts": "2026-06-27T16:07:30.517874+00:00", "tag": "asyncio.run.returned", "pid": 169693, "python": "3.11.15", "platform": "linux", "success": false}
{"ts": "2026-06-27T16:07:30.518025+00:00", "tag": "gateway.exit_nonzero", "pid": 169693, "python": "3.11.15", "platform": "linux"}
{"ts": "2026-06-27T16:07:30.519180+00:00", "tag": "atexit.hook", "pid": 169693, "python": "3.11.15", "platform": "linux", "sys_exc": "(None, None, None)"}
{"ts": "2026-06-27T16:07:33.355036+00:00", "tag": "gateway.start", "pid": 171448, "python": "3.11.15", "platform": "linux", "replace": false, "argv": ["/home/khuchinque/.hermes/hermes-agent/hermes_cli/main.py", "gateway", "run"], "stdin_is_tty": false, "absorb_windows_console_controls": false}
{"ts": "2026-06-27T16:15:38.222195+00:00", "tag": "asyncio.run.returned", "pid": 171448, "python": "3.11.15", "platform": "linux", "success": false}
{"ts": "2026-06-27T16:15:38.222291+00:00", "tag": "gateway.exit_nonzero", "pid": 171448, "python": "3.11.15", "platform": "linux"}
{"ts": "2026-06-27T16:15:46.079202+00:00", "tag": "atexit.hook", "pid": 171448, "python": "3.11.15", "platform": "linux", "sys_exc": "(None, None, None)"}
{"ts": "2026-06-27T16:15:48.472669+00:00", "tag": "gateway.start", "pid": 174227, "python": "3.11.15", "platform": "linux", "replace": false, "argv": ["/home/khuchinque/.hermes/hermes-agent/hermes_cli/main.py", "gateway", "run"], "stdin_is_tty": false, "absorb_windows_console_controls": false}
{"ts": "2026-06-27T16:24:52.932085+00:00", "tag": "asyncio.run.returned", "pid": 174227, "python": "3.11.15", "platform": "linux", "success": false}
{"ts": "2026-06-27T16:24:52.932216+00:00", "tag": "gateway.exit_nonzero", "pid": 174227, "python": "3.11.15", "platform": "linux"}
{"ts": "2026-06-27T16:24:58.349970+00:00", "tag": "atexit.hook", "pid": 174227, "python": "3.11.15", "platform": "linux", "sys_exc": "(None, None, None)"}
{"ts": "2026-06-27T16:25:00.760297+00:00", "tag": "gateway.start", "pid": 176758, "python": "3.11.15", "platform": "linux", "replace": false, "argv": ["/home/khuchinque/.hermes/hermes-agent/hermes_cli/main.py", "gateway", "run"], "stdin_is_tty": false, "absorb_windows_console_controls": false}
{"ts": "2026-06-27T16:25:42.656541+00:00", "tag": "asyncio.run.returned", "pid": 176758, "python": "3.11.15", "platform": "linux", "success": false}
{"ts": "2026-06-27T16:25:42.656635+00:00", "tag": "gateway.exit_nonzero", "pid": 176758, "python": "3.11.15", "platform": "linux"}
{"ts": "2026-06-27T16:25:42.657573+00:00", "tag": "atexit.hook", "pid": 176758, "python": "3.11.15", "platform": "linux", "sys_exc": "(None, None, None)"}
{"ts": "2026-06-27T16:25:45.087566+00:00", "tag": "gateway.start", "pid": 176988, "python": "3.11.15", "platform": "linux", "replace": false, "argv": ["/home/khuchinque/.hermes/hermes-agent/hermes_cli/main.py", "gateway", "run"], "stdin_is_tty": false, "absorb_windows_console_controls": false}
{"ts": "2026-06-27T16:26:26.121167+00:00", "tag": "asyncio.run.returned", "pid": 176988, "python": "3.11.15", "platform": "linux", "success": false}
{"ts": "2026-06-27T16:26:26.121315+00:00", "tag": "gateway.exit_nonzero", "pid": 176988, "python": "3.11.15", "platform": "linux"}
{"ts": "2026-06-27T16:26:26.122245+00:00", "tag": "atexit.hook", "pid": 176988, "python": "3.11.15", "platform": "linux", "sys_exc": "(None, None, None)"}
{"ts": "2026-06-27T16:26:28.546583+00:00", "tag": "gateway.start", "pid": 177527, "python": "3.11.15", "platform": "linux", "replace": false, "argv": ["/home/khuchinque/.hermes/hermes-agent/hermes_cli/main.py", "gateway", "run"], "stdin_is_tty": false, "absorb_windows_console_controls": false}
{"ts": "2026-06-27T16:56:27.334276+00:00", "tag": "asyncio.run.SystemExit", "pid": 177527, "python": "3.11.15", "platform": "linux", "code": 0, "traceback": "Traceback (most recent call last):\n  File \"/home/khuchinque/.hermes/hermes-agent/hermes_cli/gateway.py\", line 4329, in run_gateway\n    same user-facing contract while avoiding that startup work without scanning\n                  ^^^^^^^^^^^^^^^^^^^^^^^^^^^^^^^^^^^^^^^^^^^^^^^^^^^^^^^^^^^^^^\n  File \"/home/khuchinque/.local/share/uv/python/cpython-3.11.15-linux-x86_64-gnu/lib/python3.11/asyncio/runners.py\", line 190, in run\n    return runner.run(main)\n           ^^^^^^^^^^^^^^^^\n  File \"/home/khuchinque/.local/share/uv/python/cpython-3.11.15-linux-x86_64-gnu/lib/python3.11/asyncio/runners.py\", line 118, in run\n    return self._loop.run_until_complete(task)\n           ^^^^^^^^^^^^^^^^^^^^^^^^^^^^^^^^^^^\n  File \"/home/khuchinque/.local/share/uv/python/cpython-3.11.15-linux-x86_64-gnu/lib/python3.11/asyncio/base_events.py\", line 641, in run_until_complete\n    self.run_forever()\n  File \"/home/khuchinque/.local/share/uv/python/cpython-3.11.15-linux-x86_64-gnu/lib/python3.11/asyncio/base_events.py\", line 608, in run_forever\n    self._run_once()\n  File \"/home/khuchinque/.local/share/uv/python/cpython-3.11.15-linux-x86_64-gnu/lib/python3.11/asyncio/base_events.py\", line 1936, in _run_once\n    handle._run()\n  File \"/home/khuchinque/.local/share/uv/python/cpython-3.11.15-linux-x86_64-gnu/lib/python3.11/asyncio/events.py\", line 84, in _run\n    self._context.run(self._callback, *self._args)\n  File \"/home/khuchinque/.hermes/hermes-agent/gateway/run.py\", line 17878, in start_gateway\n    *,\n       \nSystemExit: 0\n"}
{"ts": "2026-06-27T16:56:27.335604+00:00", "tag": "atexit.hook", "pid": 177527, "python": "3.11.15", "platform": "linux", "sys_exc": "(None, None, None)"}
{"ts": "2026-06-27T16:56:30.323904+00:00", "tag": "gateway.start", "pid": 186405, "python": "3.11.15", "platform": "linux", "replace": false, "argv": ["/home/khuchinque/.hermes/hermes-agent/hermes_cli/main.py", "gateway", "run"], "stdin_is_tty": false, "absorb_windows_console_controls": false}
{"ts": "2026-06-27T16:56:30.334163+00:00", "tag": "gateway.start", "pid": 186403, "python": "3.11.15", "platform": "linux", "replace": true, "argv": ["/home/khuchinque/.hermes/hermes-agent/hermes_cli/main.py", "gateway", "run", "--replace"], "stdin_is_tty": true, "absorb_windows_console_controls": false}
{"ts": "2026-06-27T16:56:30.719236+00:00", "tag": "asyncio.run.returned", "pid": 186403, "python": "3.11.15", "platform": "linux", "success": false}
{"ts": "2026-06-27T16:56:30.719347+00:00", "tag": "gateway.exit_nonzero", "pid": 186403, "python": "3.11.15", "platform": "linux"}
{"ts": "2026-06-27T16:56:30.719493+00:00", "tag": "atexit.hook", "pid": 186403, "python": "3.11.15", "platform": "linux", "sys_exc": "(None, None, None)"}
{"ts": "2026-06-27T16:59:31.891732+00:00", "tag": "gateway.start", "pid": 187752, "python": "3.11.15", "platform": "linux", "replace": false, "argv": ["/home/khuchinque/.hermes/hermes-agent/hermes_cli/main.py", "gateway", "run"], "stdin_is_tty": false, "absorb_windows_console_controls": false}
{"ts": "2026-06-27T17:00:37.347785+00:00", "tag": "gateway.start", "pid": 188186, "python": "3.11.15", "platform": "linux", "replace": true, "argv": ["/home/khuchinque/.hermes/hermes-agent/hermes_cli/main.py", "gateway", "run", "--replace"], "stdin_is_tty": false, "absorb_windows_console_controls": false}
{"ts": "2026-06-27T17:00:38.720171+00:00", "tag": "asyncio.run.returned", "pid": 187752, "python": "3.11.15", "platform": "linux", "success": true}
{"ts": "2026-06-27T17:00:38.720274+00:00", "tag": "gateway.exit_clean", "pid": 187752, "python": "3.11.15", "platform": "linux"}
{"ts": "2026-06-27T17:00:40.843679+00:00", "tag": "atexit.hook", "pid": 187752, "python": "3.11.15", "platform": "linux", "sys_exc": "(None, None, None)"}
{"ts": "2026-06-27T17:00:48.402085+00:00", "tag": "gateway.start", "pid": 188252, "python": "3.11.15", "platform": "linux", "replace": false, "argv": ["/home/khuchinque/.hermes/hermes-agent/hermes_cli/main.py", "gateway", "run"], "stdin_is_tty": false, "absorb_windows_console_controls": false}
{"ts": "2026-06-27T17:00:48.490519+00:00", "tag": "asyncio.run.returned", "pid": 188252, "python": "3.11.15", "platform": "linux", "success": false}
{"ts": "2026-06-27T17:00:48.490624+00:00", "tag": "gateway.exit_nonzero", "pid": 188252, "python": "3.11.15", "platform": "linux"}
{"ts": "2026-06-27T17:00:48.490744+00:00", "tag": "atexit.hook", "pid": 188252, "python": "3.11.15", "platform": "linux", "sys_exc": "(None, None, None)"}
{"ts": "2026-06-27T17:00:51.707383+00:00", "tag": "asyncio.run.returned", "pid": 188186, "python": "3.11.15", "platform": "linux", "success": false}
{"ts": "2026-06-27T17:00:51.707508+00:00", "tag": "gateway.exit_nonzero", "pid": 188186, "python": "3.11.15", "platform": "linux"}
{"ts": "2026-06-27T17:00:51.708322+00:00", "tag": "atexit.hook", "pid": 188186, "python": "3.11.15", "platform": "linux", "sys_exc": "(None, None, None)"}
{"ts": "2026-06-27T17:00:53.610557+00:00", "tag": "gateway.start", "pid": 188314, "python": "3.11.15", "platform": "linux", "replace": false, "argv": ["/home/khuchinque/.hermes/hermes-agent/hermes_cli/main.py", "gateway", "run"], "stdin_is_tty": false, "absorb_windows_console_controls": false}
{"ts": "2026-06-27T17:06:19.801975+00:00", "tag": "asyncio.run.returned", "pid": 188314, "python": "3.11.15", "platform": "linux", "success": false}
{"ts": "2026-06-27T17:06:19.802077+00:00", "tag": "gateway.exit_nonzero", "pid": 188314, "python": "3.11.15", "platform": "linux"}
{"ts": "2026-06-27T17:06:19.803008+00:00", "tag": "atexit.hook", "pid": 188314, "python": "3.11.15", "platform": "linux", "sys_exc": "(None, None, None)"}
{"ts": "2026-06-27T17:06:27.364784+00:00", "tag": "gateway.start", "pid": 190340, "python": "3.11.15", "platform": "linux", "replace": false, "argv": ["/home/khuchinque/.hermes/hermes-agent/hermes_cli/main.py", "gateway", "run"], "stdin_is_tty": false, "absorb_windows_console_controls": false}
{"ts": "2026-06-27T17:08:16.448029+00:00", "tag": "asyncio.run.returned", "pid": 190340, "python": "3.11.15", "platform": "linux", "success": false}
{"ts": "2026-06-27T17:08:16.448166+00:00", "tag": "gateway.exit_nonzero", "pid": 190340, "python": "3.11.15", "platform": "linux"}
{"ts": "2026-06-27T17:08:16.449355+00:00", "tag": "atexit.hook", "pid": 190340, "python": "3.11.15", "platform": "linux", "sys_exc": "(None, None, None)"}
{"ts": "2026-06-27T17:08:23.883516+00:00", "tag": "gateway.start", "pid": 190970, "python": "3.11.15", "platform": "linux", "replace": false, "argv": ["/home/khuchinque/.hermes/hermes-agent/hermes_cli/main.py", "gateway", "run"], "stdin_is_tty": false, "absorb_windows_console_controls": false}
{"ts": "2026-06-27T17:09:11.780691+00:00", "tag": "asyncio.run.returned", "pid": 190970, "python": "3.11.15", "platform": "linux", "success": false}
{"ts": "2026-06-27T17:09:11.780783+00:00", "tag": "gateway.exit_nonzero", "pid": 190970, "python": "3.11.15", "platform": "linux"}
{"ts": "2026-06-27T17:09:11.781661+00:00", "tag": "atexit.hook", "pid": 190970, "python": "3.11.15", "platform": "linux", "sys_exc": "(None, None, None)"}
{"ts": "2026-06-27T17:09:19.425816+00:00", "tag": "gateway.start", "pid": 191348, "python": "3.11.15", "platform": "linux", "replace": false, "argv": ["/home/khuchinque/.hermes/hermes-agent/hermes_cli/main.py", "gateway", "run"], "stdin_is_tty": false, "absorb_windows_console_controls": false}
{"ts": "2026-06-27T17:10:25.757900+00:00", "tag": "asyncio.run.returned", "pid": 191348, "python": "3.11.15", "platform": "linux", "success": false}
{"ts": "2026-06-27T17:10:25.758026+00:00", "tag": "gateway.exit_nonzero", "pid": 191348, "python": "3.11.15", "platform": "linux"}
{"ts": "2026-06-27T17:10:38.314004+00:00", "tag": "atexit.hook", "pid": 191348, "python": "3.11.15", "platform": "linux", "sys_exc": "(None, None, None)"}
{"ts": "2026-06-27T17:10:45.938222+00:00", "tag": "gateway.start", "pid": 191981, "python": "3.11.15", "platform": "linux", "replace": false, "argv": ["/home/khuchinque/.hermes/hermes-agent/hermes_cli/main.py", "gateway", "run"], "stdin_is_tty": false, "absorb_windows_console_controls": false}
{"ts": "2026-06-27T17:11:17.235736+00:00", "tag": "asyncio.run.returned", "pid": 191981, "python": "3.11.15", "platform": "linux", "success": false}
{"ts": "2026-06-27T17:11:17.235847+00:00", "tag": "gateway.exit_nonzero", "pid": 191981, "python": "3.11.15", "platform": "linux"}
{"ts": "2026-06-27T17:11:17.236626+00:00", "tag": "atexit.hook", "pid": 191981, "python": "3.11.15", "platform": "linux", "sys_exc": "(None, None, None)"}
{"ts": "2026-06-27T17:11:24.705338+00:00", "tag": "gateway.start", "pid": 192193, "python": "3.11.15", "platform": "linux", "replace": false, "argv": ["/home/khuchinque/.hermes/hermes-agent/hermes_cli/main.py", "gateway", "run"], "stdin_is_tty": false, "absorb_windows_console_controls": false}
{"ts": "2026-06-27T17:34:15.861863+00:00", "tag": "asyncio.run.returned", "pid": 192193, "python": "3.11.15", "platform": "linux", "success": false}
{"ts": "2026-06-27T17:34:15.862011+00:00", "tag": "gateway.exit_nonzero", "pid": 192193, "python": "3.11.15", "platform": "linux"}
{"ts": "2026-06-27T17:34:15.863130+00:00", "tag": "atexit.hook", "pid": 192193, "python": "3.11.15", "platform": "linux", "sys_exc": "(None, None, None)"}
{"ts": "2026-06-27T17:35:02.416689+00:00", "tag": "gateway.start", "pid": 199912, "python": "3.11.15", "platform": "linux", "replace": false, "argv": ["/home/khuchinque/.hermes/hermes-agent/hermes_cli/main.py", "gateway", "run"], "stdin_is_tty": false, "absorb_windows_console_controls": false}
{"ts": "2026-06-27T19:47:32.308255+00:00", "tag": "asyncio.run.SystemExit", "pid": 199912, "python": "3.11.15", "platform": "linux", "code": 0, "traceback": "Traceback (most recent call last):\n  File \"/home/khuchinque/.hermes/hermes-agent/hermes_cli/gateway.py\", line 4519, in run_gateway\n    success = asyncio.run(start_gateway(replace=replace, verbosity=verbosity))\n              ^^^^^^^^^^^^^^^^^^^^^^^^^^^^^^^^^^^^^^^^^^^^^^^^^^^^^^^^^^^^^^^^\n  File \"/home/khuchinque/.local/share/uv/python/cpython-3.11.15-linux-x86_64-gnu/lib/python3.11/asyncio/runners.py\", line 190, in run\n    return runner.run(main)\n           ^^^^^^^^^^^^^^^^\n  File \"/home/khuchinque/.local/share/uv/python/cpython-3.11.15-linux-x86_64-gnu/lib/python3.11/asyncio/runners.py\", line 118, in run\n    return self._loop.run_until_complete(task)\n           ^^^^^^^^^^^^^^^^^^^^^^^^^^^^^^^^^^^\n  File \"/home/khuchinque/.local/share/uv/python/cpython-3.11.15-linux-x86_64-gnu/lib/python3.11/asyncio/base_events.py\", line 641, in run_until_complete\n    self.run_forever()\n  File \"/home/khuchinque/.local/share/uv/python/cpython-3.11.15-linux-x86_64-gnu/lib/python3.11/asyncio/base_events.py\", line 608, in run_forever\n    self._run_once()\n  File \"/home/khuchinque/.local/share/uv/python/cpython-3.11.15-linux-x86_64-gnu/lib/python3.11/asyncio/base_events.py\", line 1936, in _run_once\n    handle._run()\n  File \"/home/khuchinque/.local/share/uv/python/cpython-3.11.15-linux-x86_64-gnu/lib/python3.11/asyncio/events.py\", line 84, in _run\n    self._context.run(self._callback, *self._args)\n  File \"/home/khuchinque/.hermes/hermes-agent/gateway/run.py\", line 18565, in start_gateway\n    raise SystemExit(runner.exit_code)\nSystemExit: 0\n"}
{"ts": "2026-06-27T19:47:32.309390+00:00", "tag": "atexit.hook", "pid": 199912, "python": "3.11.15", "platform": "linux", "sys_exc": "(None, None, None)"}
{"ts": "2026-06-27T19:47:35.346285+00:00", "tag": "gateway.start", "pid": 245330, "python": "3.11.15", "platform": "linux", "replace": false, "argv": ["/home/khuchinque/.hermes/hermes-agent/hermes_cli/main.py", "gateway", "run"], "stdin_is_tty": false, "absorb_windows_console_controls": false}
{"ts": "2026-06-27T19:47:35.353371+00:00", "tag": "gateway.start", "pid": 245327, "python": "3.11.15", "platform": "linux", "replace": true, "argv": ["/home/khuchinque/.hermes/hermes-agent/hermes_cli/main.py", "gateway", "run", "--replace"], "stdin_is_tty": false, "absorb_windows_console_controls": false}
{"ts": "2026-06-27T19:47:35.780860+00:00", "tag": "asyncio.run.returned", "pid": 245327, "python": "3.11.15", "platform": "linux", "success": false}
{"ts": "2026-06-27T19:47:35.781030+00:00", "tag": "gateway.exit_nonzero", "pid": 245327, "python": "3.11.15", "platform": "linux"}
{"ts": "2026-06-27T19:47:35.781209+00:00", "tag": "atexit.hook", "pid": 245327, "python": "3.11.15", "platform": "linux", "sys_exc": "(None, None, None)"}
{"ts": "2026-06-27T20:03:44.967377+00:00", "tag": "asyncio.run.returned", "pid": 245330, "python": "3.11.15", "platform": "linux", "success": false}
{"ts": "2026-06-27T20:03:44.967513+00:00", "tag": "gateway.exit_nonzero", "pid": 245330, "python": "3.11.15", "platform": "linux"}
{"ts": "2026-06-27T20:03:49.567036+00:00", "tag": "atexit.hook", "pid": 245330, "python": "3.11.15", "platform": "linux", "sys_exc": "(None, None, None)"}
