[2026-06-23T08:26:32+00:00] ✅ All good — Gateway PID 827097, Telegram reachable
[2026-06-23T08:27:16+00:00] ✅ All good — Gateway PID 827097, Telegram reachable
[2026-06-23T08:29:19+00:00] ✅ All good — Gateway PID 827097, Telegram reachable
[2026-06-23T08:32:30+00:00] ✅ All good — Gateway PID 830985, Telegram reachable
[2026-06-23T08:33:23+00:00] ✅ All good — Gateway PID 830985, Telegram reachable
[2026-06-23T08:35:23+00:00] ✅ All good — Gateway PID 830985, Telegram reachable
[2026-06-23T08:37:24+00:00] ✅ All good — Gateway PID 830985, Telegram reachable
[2026-06-23T08:39:25+00:00] ✅ All good — Gateway PID 831348, Telegram reachable
[2026-06-23T08:41:26+00:00] ✅ All good — Gateway PID 831348, Telegram reachable
[2026-06-23T08:43:26+00:00] ✅ All good — Gateway PID 831348, Telegram reachable
[2026-06-23T08:45:27+00:00] ✅ All good — Gateway PID 831348, Telegram reachable
[2026-06-23T08:47:28+00:00] ✅ All good — Gateway PID 831348, Telegram reachable
[2026-06-23T08:49:29+00:00] ✅ All good — Gateway PID 831348, Telegram reachable
[2026-06-23T08:51:30+00:00] ✅ All good — Gateway PID 831348, Telegram reachable
[2026-06-23T08:53:30+00:00] ✅ All good — Gateway PID 831348, Telegram reachable
[2026-06-23T08:55:31+00:00] ✅ All good — Gateway PID 831348, Telegram reachable
[2026-06-23T08:57:32+00:00] ✅ All good — Gateway PID 832509, Telegram reachable
[2026-06-23T08:59:33+00:00] ✅ All good — Gateway PID 832509, Telegram reachable
[2026-06-23T09:01:33+00:00] ✅ All good — Gateway PID 832509, Telegram reachable
[2026-06-23T09:03:34+00:00] ✅ All good — Gateway PID 832509, Telegram reachable
[2026-06-23T09:05:35+00:00] ✅ All good — Gateway PID 832509, Telegram reachable
[2026-06-23T09:07:35+00:00] ✅ All good — Gateway PID 832509, Telegram reachable
[2026-06-23T09:09:36+00:00] ✅ All good — Gateway PID 832509, Telegram reachable
[2026-06-23T09:11:37+00:00] ✅ All good — Gateway PID 832509, Telegram reachable
[2026-06-23T09:13:38+00:00] ✅ All good — Gateway PID 832509, Telegram reachable
[2026-06-23T09:15:38+00:00] ✅ All good — Gateway PID 832509, Telegram reachable
[2026-06-23T09:17:39+00:00] ✅ All good — Gateway PID 832509, Telegram reachable
[2026-06-23T09:19:40+00:00] ✅ All good — Gateway PID 832509, Telegram reachable
[2026-06-23T09:21:41+00:00] ✅ All good — Gateway PID 832509, Telegram reachable
[2026-06-23T09:23:41+00:00] ✅ All good — Gateway PID 832509, Telegram reachable
[2026-06-23T09:25:42+00:00] ✅ All good — Gateway PID 832509, Telegram reachable
[2026-06-23T09:27:43+00:00] ✅ All good — Gateway PID 832509, Telegram reachable
[2026-06-23T09:29:44+00:00] ✅ All good — Gateway PID 832509, Telegram reachable
[2026-06-23T09:31:44+00:00] ✅ All good — Gateway PID 832509, Telegram reachable
[2026-06-23T09:33:45+00:00] ✅ All good — Gateway PID 832509, Telegram reachable
[2026-06-23T09:35:46+00:00] ✅ All good — Gateway PID 832509, Telegram reachable
[2026-06-23T09:37:46+00:00] ✅ All good — Gateway PID 832509, Telegram reachable
[2026-06-23T09:39:47+00:00] ✅ All good — Gateway PID 832509, Telegram reachable
[2026-06-23T09:41:48+00:00] ✅ All good — Gateway PID 832509, Telegram reachable
[2026-06-23T09:43:49+00:00] ✅ All good — Gateway PID 832509, Telegram reachable
[2026-06-23T09:45:49+00:00] ✅ All good — Gateway PID 832509, Telegram reachable
[2026-06-23T09:47:49+00:00] ✅ All good — Gateway PID 832509, Telegram reachable
[2026-06-23T09:49:49+00:00] ✅ All good — Gateway PID 832509, Telegram reachable
[2026-06-23T09:51:49+00:00] ✅ All good — Gateway PID 832509, Telegram reachable
[2026-06-23T09:53:53+00:00] ✅ All good — Gateway PID 832509, Telegram reachable
[2026-06-23T09:55:53+00:00] ✅ All good — Gateway PID 832509, Telegram reachable
[2026-06-23T09:57:54+00:00] ✅ All good — Gateway PID 832509, Telegram reachable
[2026-06-23T09:59:55+00:00] ✅ All good — Gateway PID 832509, Telegram reachable
[2026-06-23T10:01:55+00:00] ✅ All good — Gateway PID 832509, Telegram reachable
[2026-06-23T10:03:55+00:00] ✅ All good — Gateway PID 832509, Telegram reachable
[2026-06-23T10:05:55+00:00] ✅ All good — Gateway PID 832509, Telegram reachable
[2026-06-23T10:07:55+00:00] ❌ Gateway NOT running — restarting via systemctl
[2026-06-23T10:08:01+00:00] ❌ Gateway failed to restart — trying direct launch
[2026-06-23T10:08:06+00:00] ✅ Gateway started via direct launch
[2026-06-23T10:09:56+00:00] ❌ Gateway NOT running — restarting via systemctl
[2026-06-23T10:10:01+00:00] ❌ Gateway failed to restart — trying direct launch
[2026-06-23T10:10:06+00:00] ✅ Gateway started via direct launch
[2026-06-23T10:11:56+00:00] ❌ Gateway NOT running — restarting via systemctl
[2026-06-23T10:12:01+00:00] ❌ Gateway failed to restart — trying direct launch
[2026-06-23T10:12:06+00:00] ✅ Gateway started via direct launch
[2026-06-23T10:13:56+00:00] ❌ Gateway NOT running — restarting via systemctl
[2026-06-23T10:14:02+00:00] ❌ Gateway failed to restart — trying direct launch
[2026-06-23T10:14:07+00:00] ✅ Gateway started via direct launch
[2026-06-23T10:15:56+00:00] ❌ Gateway NOT running — restarting via systemctl
[2026-06-23T10:16:02+00:00] ❌ Gateway failed to restart — trying direct launch
[2026-06-23T10:16:07+00:00] ✅ Gateway started via direct launch
[2026-06-23T10:17:57+00:00] ❌ Gateway NOT running — restarting via systemctl
[2026-06-23T10:18:02+00:00] ❌ Gateway failed to restart — trying direct launch
[2026-06-23T10:18:07+00:00] ✅ Gateway started via direct launch
[2026-06-23T10:19:57+00:00] ❌ Gateway NOT running — restarting via systemctl
[2026-06-23T10:20:02+00:00] ❌ Gateway failed to restart — trying direct launch
[2026-06-23T10:20:07+00:00] ✅ Gateway started via direct launch
[2026-06-23T10:21:57+00:00] ❌ Gateway NOT running — restarting via systemctl
[2026-06-23T10:22:02+00:00] ❌ Gateway failed to restart — trying direct launch
[2026-06-23T10:22:07+00:00] ✅ Gateway started via direct launch
[2026-06-23T10:23:57+00:00] ❌ Gateway NOT running — restarting via systemctl
[2026-06-23T10:24:03+00:00] ❌ Gateway failed to restart — trying direct launch
[2026-06-23T10:24:08+00:00] ✅ Gateway started via direct launch
[2026-06-23T10:25:57+00:00] ❌ Gateway NOT running — restarting via systemctl
[2026-06-23T10:26:03+00:00] ❌ Gateway failed to restart — trying direct launch
[2026-06-23T10:26:08+00:00] ✅ Gateway started via direct launch
[2026-06-23T10:27:58+00:00] ❌ Gateway NOT running — restarting via systemctl
[2026-06-23T10:28:03+00:00] ❌ Gateway failed to restart — trying direct launch
[2026-06-23T10:28:08+00:00] ✅ Gateway started via direct launch
[2026-06-23T10:29:58+00:00] ❌ Gateway NOT running — restarting via systemctl
[2026-06-23T10:30:03+00:00] ❌ Gateway failed to restart — trying direct launch
[2026-06-23T10:30:08+00:00] ✅ Gateway started via direct launch
[2026-06-23T10:31:58+00:00] ❌ Gateway NOT running — restarting via systemctl
[2026-06-23T10:32:04+00:00] ❌ Gateway failed to restart — trying direct launch
[2026-06-23T10:32:09+00:00] ✅ Gateway started via direct launch
[2026-06-23T10:33:58+00:00] ❌ Gateway NOT running — restarting via systemctl
[2026-06-23T10:34:04+00:00] ❌ Gateway failed to restart — trying direct launch
[2026-06-23T10:34:09+00:00] ✅ Gateway started via direct launch
[2026-06-23T10:35:59+00:00] ❌ Gateway NOT running — restarting via systemctl
[2026-06-23T10:36:04+00:00] ❌ Gateway failed to restart — trying direct launch
[2026-06-23T10:36:09+00:00] ✅ Gateway started via direct launch
[2026-06-23T10:37:59+00:00] ❌ Gateway NOT running — restarting via systemctl
[2026-06-23T10:38:05+00:00] ❌ Gateway failed to restart — trying direct launch
[2026-06-23T10:38:10+00:00] ✅ Gateway started via direct launch
[2026-06-23T10:39:59+00:00] ❌ Gateway NOT running — restarting via systemctl
[2026-06-23T10:40:04+00:00] ❌ Gateway failed to restart — trying direct launch
[2026-06-23T10:40:09+00:00] ✅ Gateway started via direct launch
[2026-06-23T10:41:59+00:00] ❌ Gateway NOT running — restarting via systemctl
[2026-06-23T10:42:05+00:00] ❌ Gateway failed to restart — trying direct launch
[2026-06-23T10:42:10+00:00] ✅ Gateway started via direct launch
[2026-06-23T10:43:59+00:00] ❌ Gateway NOT running — restarting via systemctl
[2026-06-23T10:44:05+00:00] ❌ Gateway failed to restart — trying direct launch
[2026-06-23T10:44:10+00:00] ✅ Gateway started via direct launch
[2026-06-23T10:46:00+00:00] ❌ Gateway NOT running — restarting via systemctl
[2026-06-23T10:46:05+00:00] ❌ Gateway failed to restart — trying direct launch
[2026-06-23T10:46:10+00:00] ✅ Gateway started via direct launch
[2026-06-23T10:48:00+00:00] ❌ Gateway NOT running — restarting via systemctl
[2026-06-23T10:48:05+00:00] ❌ Gateway failed to restart — trying direct launch
[2026-06-23T10:48:10+00:00] ✅ Gateway started via direct launch
[2026-06-23T10:50:00+00:00] ❌ Gateway NOT running — restarting via systemctl
[2026-06-23T10:50:06+00:00] ❌ Gateway failed to restart — trying direct launch
[2026-06-23T10:50:11+00:00] ✅ Gateway started via direct launch
[2026-06-23T10:52:00+00:00] ❌ Gateway NOT running — restarting via systemctl
[2026-06-23T10:52:06+00:00] ❌ Gateway failed to restart — trying direct launch
[2026-06-23T10:52:11+00:00] ✅ Gateway started via direct launch
[2026-06-23T10:54:01+00:00] ❌ Gateway NOT running — restarting via systemctl
[2026-06-23T10:54:07+00:00] ❌ Gateway failed to restart — trying direct launch
[2026-06-23T10:54:12+00:00] ✅ Gateway started via direct launch
[2026-06-23T10:56:01+00:00] ❌ Gateway NOT running — restarting via systemctl
[2026-06-23T10:56:06+00:00] ❌ Gateway failed to restart — trying direct launch
[2026-06-23T10:56:11+00:00] ✅ Gateway started via direct launch
[2026-06-23T10:58:01+00:00] ❌ Gateway NOT running — restarting via systemctl
[2026-06-23T10:58:07+00:00] ❌ Gateway failed to restart — trying direct launch
[2026-06-23T10:58:12+00:00] ✅ Gateway started via direct launch
[2026-06-23T11:00:01+00:00] ❌ Gateway NOT running — restarting via systemctl
[2026-06-23T11:00:07+00:00] ❌ Gateway failed to restart — trying direct launch
[2026-06-23T11:00:12+00:00] ✅ Gateway started via direct launch
[2026-06-23T11:02:01+00:00] ❌ Gateway NOT running — restarting via systemctl
[2026-06-23T11:02:07+00:00] ❌ Gateway failed to restart — trying direct launch
[2026-06-23T11:02:12+00:00] ✅ Gateway started via direct launch
[2026-06-23T11:04:02+00:00] ❌ Gateway NOT running — restarting via systemctl
[2026-06-23T11:04:07+00:00] ❌ Gateway failed to restart — trying direct launch
[2026-06-23T11:04:12+00:00] ✅ Gateway started via direct launch
[2026-06-23T11:06:02+00:00] ❌ Gateway NOT running — restarting via systemctl
[2026-06-23T11:06:07+00:00] ❌ Gateway failed to restart — trying direct launch
[2026-06-23T11:06:12+00:00] ✅ Gateway started via direct launch
[2026-06-23T11:08:02+00:00] ❌ Gateway NOT running — restarting via systemctl
[2026-06-23T11:08:08+00:00] ❌ Gateway failed to restart — trying direct launch
[2026-06-23T11:08:13+00:00] ✅ Gateway started via direct launch
[2026-06-23T11:10:02+00:00] ❌ Gateway NOT running — restarting via systemctl
[2026-06-23T11:10:08+00:00] ❌ Gateway failed to restart — trying direct launch
[2026-06-23T11:10:13+00:00] ✅ Gateway started via direct launch
[2026-06-23T11:12:03+00:00] ❌ Gateway NOT running — restarting via systemctl
[2026-06-23T11:12:08+00:00] ❌ Gateway failed to restart — trying direct launch
[2026-06-23T11:12:13+00:00] ✅ Gateway started via direct launch
[2026-06-23T11:14:03+00:00] ❌ Gateway NOT running — restarting via systemctl
[2026-06-23T11:14:09+00:00] ❌ Gateway failed to restart — trying direct launch
[2026-06-23T11:14:14+00:00] ✅ Gateway started via direct launch
[2026-06-23T11:16:03+00:00] ❌ Gateway NOT running — restarting via systemctl
[2026-06-23T11:16:09+00:00] ❌ Gateway failed to restart — trying direct launch
[2026-06-23T11:16:14+00:00] ✅ Gateway started via direct launch
[2026-06-23T11:18:03+00:00] ❌ Gateway NOT running — restarting via systemctl
[2026-06-23T11:18:09+00:00] ❌ Gateway failed to restart — trying direct launch
[2026-06-23T11:18:14+00:00] ✅ Gateway started via direct launch
[2026-06-23T11:20:03+00:00] ❌ Gateway NOT running — restarting via systemctl
[2026-06-23T11:20:09+00:00] ❌ Gateway failed to restart — trying direct launch
[2026-06-23T11:20:14+00:00] ✅ Gateway started via direct launch
[2026-06-23T11:22:04+00:00] ❌ Gateway NOT running — restarting via systemctl
[2026-06-23T11:22:09+00:00] ❌ Gateway failed to restart — trying direct launch
[2026-06-23T11:22:14+00:00] ✅ Gateway started via direct launch
[2026-06-23T11:24:04+00:00] ❌ Gateway NOT running — restarting via systemctl
[2026-06-23T11:24:09+00:00] ❌ Gateway failed to restart — trying direct launch
[2026-06-23T11:24:14+00:00] ✅ Gateway started via direct launch
[2026-06-23T11:26:04+00:00] ❌ Gateway NOT running — restarting via systemctl
[2026-06-23T11:26:09+00:00] ❌ Gateway failed to restart — trying direct launch
[2026-06-23T11:26:14+00:00] ✅ Gateway started via direct launch
[2026-06-23T11:28:04+00:00] ❌ Gateway NOT running — restarting via systemctl
[2026-06-23T11:28:10+00:00] ❌ Gateway failed to restart — trying direct launch
[2026-06-23T11:28:15+00:00] ✅ Gateway started via direct launch
[2026-06-23T11:30:07+00:00] ❌ Gateway NOT running — restarting via systemctl
[2026-06-23T11:30:12+00:00] ❌ Gateway failed to restart — trying direct launch
[2026-06-23T11:30:17+00:00] ❌ CRITICAL: Gateway cannot be started!
[2026-06-23T11:32:07+00:00] ❌ Gateway NOT running — restarting via systemctl
[2026-06-23T11:32:12+00:00] ❌ Gateway failed to restart — trying direct launch
[2026-06-23T11:32:17+00:00] ❌ CRITICAL: Gateway cannot be started!
[2026-06-23T11:34:07+00:00] ❌ Gateway NOT running — restarting via systemctl
[2026-06-23T11:34:13+00:00] ❌ Gateway failed to restart — trying direct launch
[2026-06-23T11:34:18+00:00] ❌ CRITICAL: Gateway cannot be started!
[2026-06-23T11:36:07+00:00] ❌ Gateway NOT running — restarting via systemctl
[2026-06-23T11:36:13+00:00] ❌ Gateway failed to restart — trying direct launch
[2026-06-23T11:36:18+00:00] ❌ CRITICAL: Gateway cannot be started!
[2026-06-23T11:38:07+00:00] ❌ Gateway NOT running — restarting via systemctl
[2026-06-23T11:41:43+00:00] ❌ Gateway failed to restart — trying direct launch
[2026-06-23T11:41:48+00:00] ❌ CRITICAL: Gateway cannot be started!
