2026-06-23T07:07:44Z INSTALL drawio-skill clawhub:community safe sha256:619306550f13f109
2026-06-23T08:21:04Z INSTALL duckduckgo-search official:builtin safe sha256:25ae5cbdbb2bff0b
2026-06-23T08:21:21Z INSTALL watchers official:builtin dangerous sha256:bb92ebdc4f387bf1
2026-06-23T08:21:27Z INSTALL pinggy-tunnel official:builtin dangerous sha256:e3068d936a7b5b07
2026-06-23T08:21:30Z INSTALL scrapling official:builtin safe sha256:d360d73e74744838
2026-06-23T08:21:51Z INSTALL here-now official:builtin dangerous sha256:6370b5bff0d63798
2026-06-23T08:21:56Z INSTALL concept-diagrams official:builtin caution sha256:b437e78965a6ab9c
2026-06-23T08:22:00Z INSTALL code-wiki official:builtin safe sha256:d4801ac0398deaf4
2026-06-23T08:22:07Z INSTALL memento-flashcards official:builtin safe sha256:ec72f6a0a0ac6d5d
2026-06-23T08:49:36Z INSTALL nemo-curator official:builtin safe sha256:fcd33b9f33053338
2026-06-23T08:49:36Z INSTALL hyperframes official:builtin caution sha256:ea70a61ac96bc81a
2026-06-23T08:49:37Z INSTALL kanban-video-orchestrator official:builtin safe sha256:a918c3239ea30681
2026-06-23T08:49:58Z INSTALL docker-management official:builtin dangerous sha256:b3b0513a7dc104fa
2026-06-23T08:49:59Z INSTALL openclaw-migration official:builtin dangerous sha256:f714b94fa4ba316f
2026-06-23T08:50:01Z INSTALL meme-generation official:builtin safe sha256:4ca5f237d2e40ef7
2026-06-23T08:50:42Z INSTALL cli official:builtin dangerous sha256:0cbb7ccd3dc2cc40
2026-06-23T08:52:10Z BLOCKED tomoviee-image-to-video clawhub:community caution 1_findings
2026-06-23T08:52:10Z BLOCKED tomoviee-text-to-video clawhub:community caution 1_findings
2026-06-23T08:52:12Z BLOCKED tomoviee-tail-to-video clawhub:community caution 1_findings
2026-06-27T14:22:38Z INSTALL honcho official:builtin dangerous sha256:3092e450107aab14
2026-06-27T14:22:41Z INSTALL darwinian-evolver official:builtin dangerous sha256:160200eaff8fa9fd
2026-06-27T19:23:51Z INSTALL formula-ocr clawhub:community safe sha256:00c1a3aa84b2ab7b
2026-06-27T19:24:00Z INSTALL academic-formula-converter clawhub:community safe sha256:08f3ef3b47db329c
2026-06-27T19:24:08Z INSTALL excel-formula clawhub:community safe sha256:7b217703bbf876a6
2026-06-27T19:24:17Z INSTALL kelly-formula-crypto clawhub:community safe sha256:d700e145086f8072
2026-06-27T19:24:21Z INSTALL extract-formulas-from-pdf clawhub:community safe sha256:d1cdf7ad4f844f3b
2026-06-27T19:24:26Z BLOCKED glmocr-formula clawhub:community dangerous 3_findings
2026-06-27T19:24:36Z INSTALL formula-decoder clawhub:community safe sha256:8d509a7b3d5ee804
2026-06-27T19:29:36Z INSTALL spreadsheet-formula-helper skills.sh:community safe sha256:4f58cf10e02b13c2
2026-06-27T19:30:03Z INSTALL excel-xlsx-formula-cleanup-helper clawhub:community safe sha256:64829a2c33c05bbb
2026-06-27T19:39:30Z INSTALL sparql-query browse-sh:community safe sha256:be674306fba5fb81
2026-06-27T19:40:15Z INSTALL trending-world-news browse-sh:community safe sha256:e511023083a3f5c5
2026-06-27T19:40:28Z INSTALL get-article browse-sh:community safe sha256:6c8663e6ee695c15
2026-06-27T19:41:07Z INSTALL wiki clawhub:community safe sha256:c6773e86c32d50c2
